<?xml version="1.0" encoding="UTF-8"?>
<!-- Generated by org.testng.reporters.JUnitReportReporter -->
<testsuite skipped="4" hostname="Chetuiwk255" name="com.qa.APITest.com.qa.APITest.AddBookTest" tests="8" failures="0" timestamp="17 Apr 2019 13:35:28 GMT" time="4.325" errors="0">
  <testcase name="Addbookthroughhashmap" time="0.447" classname="com.qa.APITest.com.qa.APITest.AddBookTest"/>
  <testcase name="Addbookthroughhashmap" time="0.420" classname="com.qa.APITest.com.qa.APITest.AddBookTest"/>
  <testcase name="Addbookthroughhashmap" time="2.991" classname="com.qa.APITest.com.qa.APITest.AddBookTest"/>
  <testcase name="Addbookthroughhashmap" time="0.467" classname="com.qa.APITest.com.qa.APITest.AddBookTest"/>
  <testcase name="AddbookthroughJSONtest" classname="com.qa.APITest.com.qa.APITest.AddBookTest">
    <skipped/>
  </testcase> <!-- AddbookthroughJSONtest -->
  <testcase name="Addbookusingdataprovider" classname="com.qa.APITest.com.qa.APITest.AddBookTest">
    <skipped/>
  </testcase> <!-- Addbookusingdataprovider -->
  <testcase name="AddbookthroughExcel" classname="com.qa.APITest.com.qa.APITest.AddBookTest">
    <skipped/>
  </testcase> <!-- AddbookthroughExcel -->
  <testcase name="staticpayloadJSONtest" classname="com.qa.APITest.com.qa.APITest.AddBookTest">
    <skipped/>
  </testcase> <!-- staticpayloadJSONtest -->
</testsuite> <!-- com.qa.APITest.com.qa.APITest.AddBookTest -->
