<?xml version="1.0" encoding="UTF-8"?>
<!-- Generated by org.testng.reporters.JUnitReportReporter -->
<testsuite skipped="0" hostname="Chetuiwk255" name="com.qa.APITest.com.qa.APITest.Addplace" tests="1" failures="0" timestamp="05 Apr 2019 11:51:58 GMT" time="4.062" errors="0">
  <testcase name="googleplacesearchAPIscenario1test" time="4.062" classname="com.qa.APITest.com.qa.APITest.Addplace"/>
</testsuite> <!-- com.qa.APITest.com.qa.APITest.Addplace -->
